2025-04-16 01:59:45: SERVER -> CLIENT: 220 mx03lb.world4you.com ESMTP Exim 4.97.1 Wed, 16 Apr 2025 01:59:45 +0200

2025-04-16 01:59:45: CLIENT -> SERVER: EHLO 192.168.31.124

2025-04-16 01:59:45: SERVER -> CLIENT: 250-mx03lb.world4you.com Hello 192.168.31.124 [213.142.97.205]
250-SIZE 157286400
250-8BITMIME
250-PIPELINING
250-PIPECONNECT
250-AUTH LOGIN PLAIN
250-STARTTLS
250 HELP

2025-04-16 01:59:45: CLIENT -> SERVER: STARTTLS

2025-04-16 01:59:45: SERVER -> CLIENT: 220 TLS go ahead

2025-04-16 01:59:46: CLIENT -> SERVER: EHLO 192.168.31.124

2025-04-16 01:59:46: SERVER -> CLIENT: 250-mx03lb.world4you.com Hello 192.168.31.124 [213.142.97.205]
250-SIZE 157286400
250-8BITMIME
250-PIPELINING
250-PIPECONNECT
250-AUTH LOGIN PLAIN
250 HELP

2025-04-16 01:59:46: CLIENT -> SERVER: AUTH LOGIN

2025-04-16 01:59:46: SERVER -> CLIENT: 334 VXNlcm5hbWU6

2025-04-16 01:59:46: CLIENT -> SERVER: [credentials hidden]
2025-04-16 01:59:46: SERVER -> CLIENT: 334 UGFzc3dvcmQ6

2025-04-16 01:59:46: CLIENT -> SERVER: [credentials hidden]
2025-04-16 01:59:46: SERVER -> CLIENT: 235 Authentication succeeded

2025-04-16 01:59:46: CLIENT -> SERVER: MAIL FROM:<noreply@jsteindl.at>

2025-04-16 01:59:46: SERVER -> CLIENT: 250 OK

2025-04-16 01:59:46: CLIENT -> SERVER: RCPT TO:<jonathan.steindl@jsteindl.at>

2025-04-16 01:59:46: SERVER -> CLIENT: 250 Accepted

2025-04-16 01:59:46: CLIENT -> SERVER: DATA

2025-04-16 01:59:46: SERVER -> CLIENT: 354 Enter message, ending with "." on a line by itself

2025-04-16 01:59:46: CLIENT -> SERVER: Date: Wed, 16 Apr 2025 01:59:45 +0200

2025-04-16 01:59:46: CLIENT -> SERVER: To: jonathan.steindl@jsteindl.at

2025-04-16 01:59:46: CLIENT -> SERVER: From: Buchbestellung <noreply@jsteindl.at>

2025-04-16 01:59:46: CLIENT -> SERVER: Reply-To: Jonathan Steindl <joni.steindl@gmail.com>

2025-04-16 01:59:46: CLIENT -> SERVER: Subject: Neue Buchbestellung von Jonathan Steindl

2025-04-16 01:59:46: CLIENT -> SERVER: Message-ID: <fYDX7lFS4Z4DM4W7SlBnTBR5iex2yQKElriE6Iu6lg@192.168.31.124>

2025-04-16 01:59:46: CLIENT -> SERVER: X-Mailer: PHPMailer 6.9.3 (https://github.com/PHPMailer/PHPMailer)

2025-04-16 01:59:46: CLIENT -> SERVER: MIME-Version: 1.0

2025-04-16 01:59:46: CLIENT -> SERVER: Content-Type: text/html; charset=UTF-8

2025-04-16 01:59:46: CLIENT -> SERVER: 

2025-04-16 01:59:46: CLIENT -> SERVER: 

2025-04-16 01:59:46: CLIENT -> SERVER:     <html>

2025-04-16 01:59:46: CLIENT -> SERVER:     <head>

2025-04-16 01:59:46: CLIENT -> SERVER:         <title>Neue Buchbestellung</title>

2025-04-16 01:59:46: CLIENT -> SERVER:         <style>

2025-04-16 01:59:46: CLIENT -> SERVER:             body { font-family: Arial, sans-serif; line-height: 1.6; }

2025-04-16 01:59:46: CLIENT -> SERVER:             .container { max-width: 600px; margin: 0 auto; padding: 20px; }

2025-04-16 01:59:46: CLIENT -> SERVER:             h2 { color: #2e7d32; }

2025-04-16 01:59:46: CLIENT -> SERVER:             table { width: 100%; border-collapse: collapse; margin-bottom: 20px; }

2025-04-16 01:59:46: CLIENT -> SERVER:             th, td { padding: 10px; text-align: left; border-bottom: 1px solid #ddd; }

2025-04-16 01:59:46: CLIENT -> SERVER:             th { background-color: #f2f2f2; }

2025-04-16 01:59:46: CLIENT -> SERVER:         </style>

2025-04-16 01:59:46: CLIENT -> SERVER:     </head>

2025-04-16 01:59:46: CLIENT -> SERVER:     <body>

2025-04-16 01:59:46: CLIENT -> SERVER:         <div class="container">

2025-04-16 01:59:46: CLIENT -> SERVER:             <h2>Neue Buchbestellung</h2>

2025-04-16 01:59:46: CLIENT -> SERVER:             <table>

2025-04-16 01:59:46: CLIENT -> SERVER:                 <tr>

2025-04-16 01:59:46: CLIENT -> SERVER:                     <th>Name:</th>

2025-04-16 01:59:46: CLIENT -> SERVER:                     <td>Jonathan Steindl</td>

2025-04-16 01:59:46: CLIENT -> SERVER:                 </tr>

2025-04-16 01:59:46: CLIENT -> SERVER:                 <tr>

2025-04-16 01:59:46: CLIENT -> SERVER:                     <th>E-Mail:</th>

2025-04-16 01:59:46: CLIENT -> SERVER:                     <td>joni.steindl@gmail.com</td>

2025-04-16 01:59:46: CLIENT -> SERVER:                 </tr>

2025-04-16 01:59:46: CLIENT -> SERVER:                 <tr>

2025-04-16 01:59:46: CLIENT -> SERVER:                     <th>Lieferoption:</th>

2025-04-16 01:59:46: CLIENT -> SERVER:                     <td>Selbstabholung</td>

2025-04-16 01:59:46: CLIENT -> SERVER:                 </tr>

2025-04-16 01:59:46: CLIENT -> SERVER:                 <tr>

2025-04-16 01:59:46: CLIENT -> SERVER:                     <th>Nachricht:</th>

2025-04-16 01:59:46: CLIENT -> SERVER:                     <td>Penisgang</td>

2025-04-16 01:59:46: CLIENT -> SERVER:                 </tr>

2025-04-16 01:59:46: CLIENT -> SERVER:             </table>

2025-04-16 01:59:46: CLIENT -> SERVER:         </div>

2025-04-16 01:59:46: CLIENT -> SERVER:     </body>

2025-04-16 01:59:46: CLIENT -> SERVER:     </html>

2025-04-16 01:59:46: CLIENT -> SERVER: 

2025-04-16 01:59:46: CLIENT -> SERVER: .

2025-04-16 01:59:47: SERVER -> CLIENT: 250 OK id=1u4qBu-000000003X3-33Zz

2025-04-16 01:59:47: CLIENT -> SERVER: QUIT

2025-04-16 01:59:47: SERVER -> CLIENT: 221 mx03lb.world4you.com closing connection

