2025-04-16 19:47:12 - POST-Daten: Array
(
    [name] => Jonathan Steindl
    [email] => jonathan.steindl@jsteindl.at
    [delivery] => shipping
    [address] => Dorfnerstraße 7
    [message] => dfgsdf
    [captcha_answer] => 13
)


2025-04-16 19:47:12 - REQUEST_METHOD: POST
2025-04-16 19:47:12 - Content-Type: multipart/form-data; boundary=----geckoformboundaryb72b61520a9e2b475d3b295bd542ba53
2025-04-16 19:47:12 - HTTP_ACCEPT: */*

2025-04-16 19:52:05 - POST-Daten: Array
(
    [name] => Jonathan Steindl
    [email] => jonathan.steindl@jsteindl.at
    [delivery] => shipping
    [address] => Dorfnerstraße 7
    [message] => hjghjdfh
    [captcha_answer] => 16
)


2025-04-16 19:52:05 - REQUEST_METHOD: POST
2025-04-16 19:52:05 - Content-Type: multipart/form-data; boundary=----geckoformboundary8d320e2c4b8f187de8b9831d84c55e2b
2025-04-16 19:52:05 - HTTP_ACCEPT: */*

2025-04-16 19:52:41 - POST-Daten: Array
(
    [name] => dsaf
    [email] => fasdfasdf@sdfga.com
    [delivery] => shipping
    [address] => gfasdf
    [message] => fdgdsfag
    [captcha_answer] => 8
)


2025-04-16 19:52:41 - REQUEST_METHOD: POST
2025-04-16 19:52:41 - Content-Type: multipart/form-data; boundary=----geckoformboundaryea2890e82db1b7d3fadde6b13c0c86c6
2025-04-16 19:52:41 - HTTP_ACCEPT: */*

2025-04-16 19:54:38 - POST-Daten: Array
(
    [name] => Jonathan Steindl
    [email] => jonathan.steindl@jsteindl.at
    [delivery] => shipping
    [address] => Dorfnerstraße 7
    [message] => sdafsadgs
    [captcha_answer] => 11
)


2025-04-16 19:54:38 - REQUEST_METHOD: POST
2025-04-16 19:54:38 - Content-Type: multipart/form-data; boundary=----geckoformboundarye048b7b8d5e8b1077bd8aa855ff7cf1
2025-04-16 19:54:38 - HTTP_ACCEPT: */*

2025-04-16 19:54:53 - POST-Daten: Array
(
    [name] => Jonathan Steindl
    [email] => jonathan.steindl@jsteindl.at
    [delivery] => shipping
    [address] => Dorfnerstraße 7
    [message] => sdfasdf
    [captcha_answer] => 9
)


2025-04-16 19:54:53 - REQUEST_METHOD: POST
2025-04-16 19:54:53 - Content-Type: multipart/form-data; boundary=----geckoformboundarye1b4a1ebcc72e4f8514de8d8b63eff53
2025-04-16 19:54:53 - HTTP_ACCEPT: */*

2025-04-16 19:57:07 - POST-Daten: Array
(
    [name] => Jonathan Steindl
    [email] => jonathan.steindl@jsteindl.at
    [delivery] => shipping
    [address] => Dorfnerstraße 7
    [message] => sdafsdafsa
    [captcha_answer] => 3
)


2025-04-16 19:57:07 - REQUEST_METHOD: POST
2025-04-16 19:57:07 - Content-Type: multipart/form-data; boundary=----geckoformboundary1e1b8e13229d5f2fd04fb2a7716a135
2025-04-16 19:57:07 - HTTP_ACCEPT: */*

2025-04-16 19:58:53 - POST-Daten: Array
(
    [name] => Jonathan Steindl
    [email] => jonathan.steindl@jsteindl.at
    [delivery] => shipping
    [address] => Dorfnerstraße 7
    [message] => fsdgasd
    [captcha_answer] => 8
)


2025-04-16 19:58:53 - REQUEST_METHOD: POST
2025-04-16 19:58:53 - Content-Type: multipart/form-data; boundary=----geckoformboundarybd891f1549f963e5c79730f06e4b7f3a
2025-04-16 19:58:53 - HTTP_ACCEPT: */*

2025-04-16 20:18:55 - POST-Daten: Array
(
    [name] => Jonathan Steindl
    [email] => jonathan.steindl@jsteindl.at
    [delivery] => shipping
    [address] => Dorfnerstraße 7
    [message] => sdf
    [captcha_answer] => 11
)


2025-04-16 20:18:55 - REQUEST_METHOD: POST
2025-04-16 20:18:55 - Content-Type: multipart/form-data; boundary=----geckoformboundarya33eaed086aaa39be8242889515a9979
2025-04-16 20:18:55 - HTTP_ACCEPT: */*

2025-04-16 20:22:14 - POST-Daten: Array
(
    [name] => Jonathan Steindl
    [email] => jonathan.steindl@jsteindl.at
    [delivery] => shipping
    [address] => Dorfnerstraße 7
    [message] => sadfsad
    [captcha_answer] => 14
)


2025-04-16 20:22:14 - REQUEST_METHOD: POST
2025-04-16 20:22:14 - Content-Type: multipart/form-data; boundary=----geckoformboundary9bc1258ca70177320d4c2a6e07ae94f
2025-04-16 20:22:14 - HTTP_ACCEPT: */*

2025-04-16 20:28:07 - POST-Daten: Array
(
    [name] => Jonathan Steindl
    [email] => jonathan.steindl@jsteindl.at
    [delivery] => shipping
    [address] => Dorfnerstraße 7
    [message] => jgkfzujikrtu
    [captcha_answer] => 20
)


2025-04-16 20:28:07 - REQUEST_METHOD: POST
2025-04-16 20:28:07 - Content-Type: multipart/form-data; boundary=----geckoformboundary2b1ec715ae856f43f76a4a57c561b245
2025-04-16 20:28:07 - HTTP_ACCEPT: */*

2025-04-16 20:30:40 - POST-Daten: Array
(
    [name] => Jonathan Steindl
    [email] => jonathan.steindl@jsteindl.at
    [delivery] => shipping
    [address] => Dorfnerstraße 7
    [message] => 
    [captcha_answer] => 13
)


2025-04-16 20:30:40 - REQUEST_METHOD: POST
2025-04-16 20:30:40 - Content-Type: multipart/form-data; boundary=----geckoformboundary7e92fc7126425509ee28e60455be1159
2025-04-16 20:30:40 - HTTP_ACCEPT: */*

2025-04-16 20:32:19 - POST-Daten: Array
(
    [name] => Jonathan Steindl
    [email] => jonathan.steindl@jsteindl.at
    [delivery] => shipping
    [address] => Dorfnerstraße 7
    [message] => sdfsdfgsdaf
    [captcha_answer] => 10
    [captcha_token] => 9ce6e28fe54ac4acb457fc983ca04aa6
)


2025-04-16 20:32:19 - REQUEST_METHOD: POST
2025-04-16 20:32:19 - Content-Type: multipart/form-data; boundary=----geckoformboundaryb55de4ea1b6f50cd50de967c9d7e0c29
2025-04-16 20:32:19 - HTTP_ACCEPT: */*

2025-04-16 20:35:03 - POST-Daten: Array
(
    [name] => Jonathan Steindl
    [email] => jonathan.steindl@jsteindl.at
    [delivery] => shipping
    [address] => Dorfnerstraße 7
    [message] => 
    [captcha_answer] => 10
    [captcha_token] => 03b0bf45c049918892f374980f064a47
)


2025-04-16 20:35:03 - REQUEST_METHOD: POST
2025-04-16 20:35:03 - Content-Type: multipart/form-data; boundary=----geckoformboundaryd3fa49dd55ada58033548127ee43aaee
2025-04-16 20:35:03 - HTTP_ACCEPT: */*

